<?xml version="1.0" encoding="UTF-8"?>
<!-- Generated by org.testng.reporters.JUnitReportReporter -->
<testsuite hostname="DESKTOP-57QL2OO" failures="0" tests="1" name="com.flipkart.login.Flipkart" time="50.474" errors="0" timestamp="2023-07-14T14:55:20 IST" skipped="0">
  <testcase classname="com.flipkart.login.Flipkart" name="Flipkartflow" time="50.474"/>
</testsuite> <!-- com.flipkart.login.Flipkart -->
